#
# There is insufficient memory for the Java Runtime Environment to continue.
# Native memory allocation (mmap) failed to map 134217728 bytes for G1 virtual space
# Possible reasons:
#   The system is out of physical RAM or swap space
#   The process is running with CompressedOops enabled, and the Java Heap may be blocking the growth of the native heap
# Possible solutions:
#   Reduce memory load on the system
#   Increase physical memory or swap space
#   Check if swap backing store is full
#   Decrease Java heap size (-Xmx/-Xms)
#   Decrease number of Java threads
#   Decrease Java thread stack sizes (-Xss)
#   Set larger code cache with -XX:ReservedCodeCacheSize=
#   JVM is running with Unscaled Compressed Oops mode in which the Java heap is
#     placed in the first 4GB address space. The Java Heap base address is the
#     maximum limit for the native heap growth. Please use -XX:HeapBaseMinAddress
#     to set the Java Heap base and to place the Java Heap above 4GB virtual address.
# This output file may be truncated or incomplete.
#
#  Out of Memory Error (os_windows.cpp:3466), pid=3344, tid=15712
#
# JRE version:  (16.0.1+9) (build )
# Java VM: Java HotSpot(TM) 64-Bit Server VM (16.0.1+9-24, mixed mode, sharing, tiered, compressed oops, compressed class ptrs, g1 gc, windows-amd64)
# No core dump will be written. Minidumps are not enabled by default on client versions of Windows
#

---------------  S U M M A R Y ------------

Command Line: Server

Host: Intel(R) Core(TM) i7-3540M CPU @ 3.00GHz, 4 cores, 7G,  Windows 7 , 64 bit Build 7601 (6.1.7601.24545)
Time: Sun Aug 29 05:22:01 2021 Central America Standard Time elapsed time: 0.015958 seconds (0d 0h 0m 0s)

---------------  T H R E A D  ---------------

Current thread (0x0000000000398880):  JavaThread "Unknown thread" [_thread_in_vm, id=15712, stack(0x0000000002130000,0x0000000002230000)]

Stack: [0x0000000002130000,0x0000000002230000]
Native frames: (J=compiled Java code, j=interpreted, Vv=VM code, C=native code)
V  [jvm.dll+0x6687ca]
V  [jvm.dll+0x7ca3c9]
V  [jvm.dll+0x7cbb53]
V  [jvm.dll+0x7cc1b3]
V  [jvm.dll+0x242ea5]
V  [jvm.dll+0x665589]
V  [jvm.dll+0x65a175]
V  [jvm.dll+0x2fc5ab]
V  [jvm.dll+0x3037a6]
V  [jvm.dll+0x352fee]
V  [jvm.dll+0x35321f]
V  [jvm.dll+0x2d3618]
V  [jvm.dll+0x2d4854]
V  [jvm.dll+0x79ccb1]
V  [jvm.dll+0x360de1]
V  [jvm.dll+0x77a990]
V  [jvm.dll+0x3e55af]
V  [jvm.dll+0x3e7081]
C  [jli.dll+0x52fb]
C  [ucrtbase.DLL+0x1d912]
C  [kernel32.dll+0x1556d]
C  [ntdll.dll+0x5372d]


---------------  P R O C E S S  ---------------

Threads class SMR info:
_java_thread_list=0x000007feb623cbb8, length=0, elements={
}

Java Threads: ( => current thread )

Other Threads:
  0x00000000003da9c0 GCTaskThread "GC Thread#0" [stack: 0x000000001df00000,0x000000001e000000] [id=16260]
  0x00000000003ec090 ConcurrentGCThread "G1 Main Marker" [stack: 0x000000001e0f0000,0x000000001e1f0000] [id=16172]
  0x00000000003f0a10 ConcurrentGCThread "G1 Conc#0" [stack: 0x000000001e1f0000,0x000000001e2f0000] [id=15936]

[error occurred during error reporting (printing all threads), id 0xc0000005, EXCEPTION_ACCESS_VIOLATION (0xc0000005) at pc=0x000007feb5a144d7]

VM state: not at safepoint (not fully initialized)

VM Mutex/Monitor currently owned by a thread:  ([mutex/lock_event])
[0x0000000000393c20] Heap_lock - owner thread: 0x0000000000398880

Heap address: 0x0000000081800000, size: 2024 MB, Compressed Oops mode: 32-bit

CDS archive(s) mapped at: [0x0000000000000000-0x0000000000000000-0x0000000000000000), size 0, SharedBaseAddress: 0x0000000800000000, ArchiveRelocationMode: 0.
Narrow klass base: 0x0000000000000000, Narrow klass shift: 0, Narrow klass range: 0x0

GC Precious Log:
<Empty>

Heap:
 garbage-first heap   total 0K, used 0K [0x0000000081800000, 0x0000000100000000)
  region size 1024K, 0 young (0K), 0 survivors (0K)

[error occurred during error reporting (printing heap information), id 0xc0000005, EXCEPTION_ACCESS_VIOLATION (0xc0000005) at pc=0x000007feb5df24ed]

GC Heap History (0 events):
No events

Deoptimization events (0 events):
No events

Classes unloaded (0 events):
No events

Classes redefined (0 events):
No events

Internal exceptions (0 events):
No events

Events (1 events):
Event: 0.007 Loaded shared library C:\Program Files\Java\jdk-16.0.1\bin\java.dll


Dynamic libraries:
0x000000013f460000 - 0x000000013f470000 	C:\Program Files\Java\jdk-16.0.1\bin\java.exe
0x0000000077b60000 - 0x0000000077cff000 	C:\Windows\SYSTEM32\ntdll.dll
0x0000000077a40000 - 0x0000000077b5f000 	C:\Windows\system32\kernel32.dll
0x000007fefd9e0000 - 0x000007fefda47000 	C:\Windows\system32\KERNELBASE.dll
0x000007feedff0000 - 0x000007feee008000 	C:\Program Files\Java\jdk-16.0.1\bin\jli.dll
0x000007fefe830000 - 0x000007fefe90b000 	C:\Windows\system32\ADVAPI32.dll
0x000007feff8e0000 - 0x000007feff97f000 	C:\Windows\system32\msvcrt.dll
0x000007feff810000 - 0x000007feff82f000 	C:\Windows\SYSTEM32\sechost.dll
0x000007fefe200000 - 0x000007fefe32c000 	C:\Windows\system32\RPCRT4.dll
0x000007fefbdf0000 - 0x000007fefbfe5000 	C:\Windows\WinSxS\amd64_microsoft.windows.common-controls_6595b64144ccf1df_6.0.7601.24483_none_e372d88f30fbb845\COMCTL32.dll
0x000007fefe340000 - 0x000007fefe3a7000 	C:\Windows\system32\GDI32.dll
0x0000000077940000 - 0x0000000077a3b000 	C:\Windows\system32\USER32.dll
0x000007fefdf20000 - 0x000007fefdf2e000 	C:\Windows\system32\LPK.dll
0x000007fefe910000 - 0x000007fefe9db000 	C:\Windows\system32\USP10.dll
0x000007fefe9e0000 - 0x000007fefea51000 	C:\Windows\system32\SHLWAPI.dll
0x000007fefca30000 - 0x000007fefca3c000 	C:\Windows\system32\VERSION.dll
0x000007fee6e50000 - 0x000007fee6e69000 	C:\Program Files\Java\jdk-16.0.1\bin\VCRUNTIME140.dll
0x000007fefa770000 - 0x000007fefa774000 	C:\Program Files\Java\jdk-16.0.1\bin\api-ms-win-crt-runtime-l1-1-0.dll
0x000007febaa50000 - 0x000007febab4a000 	C:\Program Files\Java\jdk-16.0.1\bin\ucrtbase.DLL
0x000007feee500000 - 0x000007feee503000 	C:\Program Files\Java\jdk-16.0.1\bin\api-ms-win-core-localization-l1-2-0.dll
0x000007feee470000 - 0x000007feee473000 	C:\Program Files\Java\jdk-16.0.1\bin\api-ms-win-core-processthreads-l1-1-1.dll
0x000007feedf00000 - 0x000007feedf03000 	C:\Program Files\Java\jdk-16.0.1\bin\api-ms-win-core-file-l1-2-0.dll
0x000007fee6e40000 - 0x000007fee6e43000 	C:\Program Files\Java\jdk-16.0.1\bin\api-ms-win-core-timezone-l1-1-0.dll
0x000007fee6e00000 - 0x000007fee6e03000 	C:\Program Files\Java\jdk-16.0.1\bin\api-ms-win-core-file-l2-1-0.dll
0x000007fee6df0000 - 0x000007fee6df3000 	C:\Program Files\Java\jdk-16.0.1\bin\api-ms-win-core-synch-l1-2-0.dll
0x000007fee6de0000 - 0x000007fee6de3000 	C:\Program Files\Java\jdk-16.0.1\bin\api-ms-win-crt-heap-l1-1-0.dll
0x000007fee6dc0000 - 0x000007fee6dc4000 	C:\Program Files\Java\jdk-16.0.1\bin\api-ms-win-crt-string-l1-1-0.dll
0x000007fee6db0000 - 0x000007fee6db4000 	C:\Program Files\Java\jdk-16.0.1\bin\api-ms-win-crt-stdio-l1-1-0.dll
0x000007fee6da0000 - 0x000007fee6da4000 	C:\Program Files\Java\jdk-16.0.1\bin\api-ms-win-crt-convert-l1-1-0.dll
0x000007fee6940000 - 0x000007fee6943000 	C:\Program Files\Java\jdk-16.0.1\bin\api-ms-win-crt-environment-l1-1-0.dll
0x000007fee5cf0000 - 0x000007fee5cf3000 	C:\Program Files\Java\jdk-16.0.1\bin\api-ms-win-crt-filesystem-l1-1-0.dll
0x000007fee5ce0000 - 0x000007fee5ce5000 	C:\Program Files\Java\jdk-16.0.1\bin\api-ms-win-crt-math-l1-1-0.dll
0x000007fee5cd0000 - 0x000007fee5cd3000 	C:\Program Files\Java\jdk-16.0.1\bin\api-ms-win-crt-locale-l1-1-0.dll
0x000007feff830000 - 0x000007feff85e000 	C:\Windows\system32\IMM32.DLL
0x000007fefe720000 - 0x000007fefe82b000 	C:\Windows\system32\MSCTF.dll
0x000007fee4d10000 - 0x000007fee4d1c000 	C:\Program Files\Java\jdk-16.0.1\bin\vcruntime140_1.dll
0x000007fec77f0000 - 0x000007fec7881000 	C:\Program Files\Java\jdk-16.0.1\bin\msvcp140.dll
0x000007fee4c80000 - 0x000007fee4c83000 	C:\Program Files\Java\jdk-16.0.1\bin\api-ms-win-crt-time-l1-1-0.dll
0x000007fee4c70000 - 0x000007fee4c73000 	C:\Program Files\Java\jdk-16.0.1\bin\api-ms-win-crt-utility-l1-1-0.dll
0x000007feb5730000 - 0x000007feb62db000 	C:\Program Files\Java\jdk-16.0.1\bin\server\jvm.dll
0x000007fefca40000 - 0x000007fefca49000 	C:\Windows\system32\WSOCK32.dll
0x000007fefe3b0000 - 0x000007fefe3fd000 	C:\Windows\system32\WS2_32.dll
0x000007fefe330000 - 0x000007fefe338000 	C:\Windows\system32\NSI.dll
0x000007fefafe0000 - 0x000007fefb01b000 	C:\Windows\system32\WINMM.dll
0x0000000077d10000 - 0x0000000077d17000 	C:\Windows\system32\PSAPI.DLL
0x000007fee4c60000 - 0x000007fee4c6a000 	C:\Program Files\Java\jdk-16.0.1\bin\jimage.dll
0x000007feebc10000 - 0x000007feebd35000 	C:\Windows\system32\DBGHELP.DLL
0x000007fed3280000 - 0x000007fed32a5000 	C:\Program Files\Java\jdk-16.0.1\bin\java.dll

dbghelp: loaded successfully - version: 4.0.5 - missing functions: none
symbol engine: initialized successfully - sym options: 0x614 - pdb path: .;C:\Program Files\Java\jdk-16.0.1\bin;C:\Windows\SYSTEM32;C:\Windows\WinSxS\amd64_microsoft.windows.common-controls_6595b64144ccf1df_6.0.7601.24483_none_e372d88f30fbb845;C:\Program Files\Java\jdk-16.0.1\bin\server

VM Arguments:
java_command: Server
java_class_path (initial): .
Launcher Type: SUN_STANDARD

[Global flags]
     intx CICompilerCount                          = 3                                         {product} {ergonomic}
     uint ConcGCThreads                            = 1                                         {product} {ergonomic}
     uint G1ConcRefinementThreads                  = 4                                         {product} {ergonomic}
   size_t G1HeapRegionSize                         = 1048576                                   {product} {ergonomic}
    uintx GCDrainStackTargetSize                   = 64                                        {product} {ergonomic}
   size_t InitialHeapSize                          = 134217728                                 {product} {ergonomic}
   size_t MarkStackSize                            = 4194304                                   {product} {ergonomic}
   size_t MaxHeapSize                              = 2122317824                                {product} {ergonomic}
   size_t MinHeapDeltaBytes                        = 1048576                                   {product} {ergonomic}
   size_t MinHeapSize                              = 8388608                                   {product} {ergonomic}
    uintx NonNMethodCodeHeapSize                   = 5832780                                {pd product} {ergonomic}
    uintx NonProfiledCodeHeapSize                  = 122912730                              {pd product} {ergonomic}
    uintx ProfiledCodeHeapSize                     = 122912730                              {pd product} {ergonomic}
    uintx ReservedCodeCacheSize                    = 251658240                              {pd product} {ergonomic}
     bool SegmentedCodeCache                       = true                                      {product} {ergonomic}
   size_t SoftMaxHeapSize                          = 2122317824                             {manageable} {ergonomic}
     bool UseCompressedClassPointers               = true                           {product lp64_product} {ergonomic}
     bool UseCompressedOops                        = true                           {product lp64_product} {ergonomic}
     bool UseG1GC                                  = true                                      {product} {ergonomic}
     bool UseLargePagesIndividualAllocation        = false                                  {pd product} {ergonomic}

Logging:
Log output configuration:
 #0: stdout all=warning uptime,level,tags
 #1: stderr all=off uptime,level,tags

Environment Variables:
PATH=C:\Program Files\Common Files\Oracle\Java\javapath;C:\Program Files (x86)\Common Files\Intel\Shared Libraries\redist\intel64_win\compiler;C:\Program Files (x86)\Common Files\Oracle\Java\javapath;C:\ProgramData\Oracle\Java\javapath;C:\Program Files\Common Files\Microsoft Shared\Windows Live;C:\Program Files (x86)\Common Files\Microsoft Shared\Windows Live;C:\Program Files (x86)\Intel\iCLS Client\;C:\Program Files\Intel\iCLS Client\;C:\Windows\system32;C:\Windows;C:\Windows\System32\Wbem;C:\Windows\System32\WindowsPowerShell\v1.0\;C:\Program Files\Dell\Dell Data Protection\Access\Advanced\Wave\Gemalto\Access Client\v5\;C:\Program Files (x86)\NTRU Cryptosystems\NTRU TCG Software Stack\bin\;C:\Program Files\NTRU Cryptosystems\NTRU TCG Software Stack\bin\;C:\Program Files (x86)\Windows Live\Shared;C:\Program Files (x86)\Intel\OpenCL SDK\2.0\bin\x86;C:\Program Files (x86)\Intel\OpenCL SDK\2.0\bin\x64;C:\Windows\System32\WindowsPowerShell\v1.0\;C:\Windows\System32\WindowsPowerShell\v1.0\;C:\Windows\System32\WindowsPowerShell\v1.0\;C:\Program Files\Intel\WiFi\bin\;C:\Program Files\Common Files\Intel\WirelessCommon\;C:\Program Files (x86)\Intel\Intel(R) Management Engine Components\DAL;C:\Program Files\Intel\Intel(R) Management Engine Components\DAL;C:\Program Files (x86)\Intel\Intel(R) Management Engine Components\IPT;C:\Program Files\Intel\Intel(R) Management Engine Components\IPT;C:\Program Files (x86)\Intel\UCRT\;C:\Program Files\Intel\UCRT\;C:\Program Files\Git\cmd;C:\Program Files\Intel\WiFi\bin\;C:\Program Files\Common Files\Intel\WirelessCommon\;C:\Program Files\JetBrains\IntelliJ IDEA Community Edition 2018.3.6\bin;;C:\Users\doleuser\AppData\Local\Programs\Microsoft VS Code\bin;C:\Users\doleuser\AppData\Local\GitHubDesktop\bin
USERNAME=doleuser
OS=Windows_NT
PROCESSOR_IDENTIFIER=Intel64 Family 6 Model 58 Stepping 9, GenuineIntel



---------------  S Y S T E M  ---------------

OS:
 Windows 7 , 64 bit Build 7601 (6.1.7601.24545)
OS uptime: 2 days 22:22 hours

CPU: total 4 (initial active 4) (2 cores per cpu, 2 threads per core) family 6 model 58 stepping 9 microcode 0x0, cx8, cmov, fxsr, ht, mmx, sse, sse2, sse3, ssse3, sse4.1, sse4.2, popcnt, tsc, tscinvbit, avx, aes, erms, clmul, vzeroupper, clflush

Memory: 4k page, system-wide physical 8094M (1182M free)
TotalPageFile size 19526M (AvailPageFile size 63M)
current process WorkingSet (physical memory assigned to process): 10M, peak: 10M
current process commit charge ("private bytes"): 58M, peak: 185M

vm_info: Java HotSpot(TM) 64-Bit Server VM (16.0.1+9-24) for windows-amd64 JRE (16.0.1+9-24), built on Mar 26 2021 19:31:42 by "mach5one" with MS VC++ 16.7 (VS2019)

END.
